0 info it worked if it ends with ok
1 verbose cli [ '/usr/bin/node', '/usr/bin/npm', 'start' ]
2 info using npm@3.5.2
3 info using node@v8.10.0
4 verbose run-script [ 'prestart', 'start', 'poststart' ]
5 info lifecycle node-examples@1.0.0~prestart: node-examples@1.0.0
6 silly lifecycle node-examples@1.0.0~prestart: no script for prestart, continuing
7 info lifecycle node-examples@1.0.0~start: node-examples@1.0.0
8 verbose lifecycle node-examples@1.0.0~start: unsafe-perm in lifecycle true
9 verbose lifecycle node-examples@1.0.0~start: PATH: /usr/share/npm/bin/node-gyp-bin:/media/raadu/ETC/Online Courses & Certificates/Coursera Server-Side Development with NodeJS/NodeJS/node-examples/node_modules/.bin:/home/raadu/.local/bin:/usr/local/sbin:/usr/local/bin:/usr/sbin:/usr/bin:/sbin:/bin:/usr/games:/usr/local/games:/snap/bin:/usr/lib/jvm/java-8-oracle/bin:/usr/lib/jvm/java-8-oracle/db/bin:/usr/lib/jvm/java-8-oracle/jre/bin
10 verbose lifecycle node-examples@1.0.0~start: CWD: /media/raadu/ETC/Online Courses & Certificates/Coursera Server-Side Development with NodeJS/NodeJS/node-examples
11 silly lifecycle node-examples@1.0.0~start: Args: [ '-c', 'node index' ]
12 silly lifecycle node-examples@1.0.0~start: Returned: code: 1  signal: null
13 info lifecycle node-examples@1.0.0~start: Failed to exec start script
14 verbose stack Error: node-examples@1.0.0 start: `node index`
14 verbose stack Exit status 1
14 verbose stack     at EventEmitter.<anonymous> (/usr/share/npm/lib/utils/lifecycle.js:232:16)
14 verbose stack     at emitTwo (events.js:126:13)
14 verbose stack     at EventEmitter.emit (events.js:214:7)
14 verbose stack     at ChildProcess.<anonymous> (/usr/share/npm/lib/utils/spawn.js:24:14)
14 verbose stack     at emitTwo (events.js:126:13)
14 verbose stack     at ChildProcess.emit (events.js:214:7)
14 verbose stack     at maybeClose (internal/child_process.js:925:16)
14 verbose stack     at Process.ChildProcess._handle.onexit (internal/child_process.js:209:5)
15 verbose pkgid node-examples@1.0.0
16 verbose cwd /media/raadu/ETC/Online Courses & Certificates/Coursera Server-Side Development with NodeJS/NodeJS/node-examples
17 error Linux 4.15.0-52-generic
18 error argv "/usr/bin/node" "/usr/bin/npm" "start"
19 error node v8.10.0
20 error npm  v3.5.2
21 error code ELIFECYCLE
22 error node-examples@1.0.0 start: `node index`
22 error Exit status 1
23 error Failed at the node-examples@1.0.0 start script 'node index'.
23 error Make sure you have the latest version of node.js and npm installed.
23 error If you do, this is most likely a problem with the node-examples package,
23 error not with npm itself.
23 error Tell the author that this fails on your system:
23 error     node index
23 error You can get information on how to open an issue for this project with:
23 error     npm bugs node-examples
23 error Or if that isn't available, you can get their info via:
23 error     npm owner ls node-examples
23 error There is likely additional logging output above.
24 verbose exit [ 1, true ]
